2022-05-26 18:05:158 INFO  ManageDriver :30 - Launching Chrome Browser
2022-05-26 18:05:345 INFO  ManageDriver :30 - Launching Chrome Browser
2022-05-26 18:05:605 INFO  ManageDriver :30 - Launching Chrome Browser
2022-05-26 18:05:436 INFO  ManageDriver :30 - Launching Chrome Browser
2022-05-26 23:05:42 INFO  ManageDriver :30 - Launching Chrome Browser
2022-05-26 23:05:158 INFO  ManageDriver :30 - Launching Chrome Browser
2022-05-26 23:05:897 INFO  AuthPage :30 - Enter email sam to email field [[ChromeDriver: chrome on WINDOWS (63ca8a370d7553a80bfb456607d8400d)] -> xpath: //input[@id='email_create']]
2022-05-26 23:05:546 INFO  AuthPage :157 - Clicking on Radio Button [[ChromeDriver: chrome on WINDOWS (63ca8a370d7553a80bfb456607d8400d)] -> xpath: //input[@id='id_gender1']]
2022-05-26 23:05:621 INFO  AuthPage :162 - getting firstname text  [[ChromeDriver: chrome on WINDOWS (63ca8a370d7553a80bfb456607d8400d)] -> xpath: //input[@id='customer_lastname']]
2022-05-26 23:05:678 INFO  AuthPage :167 - getting lastname text  [[ChromeDriver: chrome on WINDOWS (63ca8a370d7553a80bfb456607d8400d)] -> xpath: //input[@id='customer_lastname']]
2022-05-26 23:05:586 INFO  ManageDriver :30 - Launching Chrome Browser
2022-05-26 23:05:950 INFO  AuthPage :30 - Enter email sam to email field [[ChromeDriver: chrome on WINDOWS (00ca5f7c58e0f2374c22d37437e27c1b)] -> xpath: //input[@id='email_create']]
2022-05-26 23:05:632 INFO  AuthPage :157 - Clicking on Radio Button [[ChromeDriver: chrome on WINDOWS (00ca5f7c58e0f2374c22d37437e27c1b)] -> xpath: //input[@id='id_gender1']]
2022-05-26 23:05:707 INFO  AuthPage :162 - getting firstname text  [[ChromeDriver: chrome on WINDOWS (00ca5f7c58e0f2374c22d37437e27c1b)] -> xpath: //input[@id='customer_lastname']]
2022-05-26 23:05:774 INFO  AuthPage :167 - getting lastname text  [[ChromeDriver: chrome on WINDOWS (00ca5f7c58e0f2374c22d37437e27c1b)] -> xpath: //input[@id='customer_lastname']]
2022-05-26 23:05:840 INFO  AuthPage :177 - enter password 456789@ to email field 
2022-05-26 23:05:928 INFO  AuthPage :182 - Selecting day 10from dropdown[[ChromeDriver: chrome on WINDOWS (00ca5f7c58e0f2374c22d37437e27c1b)] -> xpath: //select[@id='days']]
2022-05-26 23:05:02 INFO  AuthPage :187 - Selecting month 11from Dropdown[[ChromeDriver: chrome on WINDOWS (00ca5f7c58e0f2374c22d37437e27c1b)] -> xpath: //select[@id='months']]
2022-05-26 23:05:66 INFO  AuthPage :193 - Selecting month 2001from Dropdown[[ChromeDriver: chrome on WINDOWS (00ca5f7c58e0f2374c22d37437e27c1b)] -> xpath: //select[@id='years']]
2022-05-26 23:05:116 INFO  AuthPage :198 - Clicking on newsletterbox [[ChromeDriver: chrome on WINDOWS (00ca5f7c58e0f2374c22d37437e27c1b)] -> xpath: //input[@id='newsletter']]
2022-05-26 23:05:201 INFO  AuthPage :203 - Clicking on specialoffer [[ChromeDriver: chrome on WINDOWS (00ca5f7c58e0f2374c22d37437e27c1b)] -> xpath: //input[@id='optin']]
2022-05-26 23:05:255 INFO  AuthPage :208 - Enter name to deliver sam to delivery address field [[ChromeDriver: chrome on WINDOWS (00ca5f7c58e0f2374c22d37437e27c1b)] -> xpath: //input[@id='firstname']]
2022-05-26 23:05:308 INFO  AuthPage :213 - Enter last name to deliver Patel to lastname to delivery address field [[ChromeDriver: chrome on WINDOWS (00ca5f7c58e0f2374c22d37437e27c1b)] -> xpath: //input[@id='lastname']]
2022-05-26 23:05:367 INFO  AuthPage :218 - Enter name to company Sigma to company field [[ChromeDriver: chrome on WINDOWS (00ca5f7c58e0f2374c22d37437e27c1b)] -> xpath: //input[@id='company']]
2022-05-26 23:05:443 INFO  AuthPage :223 - Enter street name to deliver West street to street name field [[ChromeDriver: chrome on WINDOWS (00ca5f7c58e0f2374c22d37437e27c1b)] -> xpath: //input[@id='address1']]
2022-05-26 23:05:511 INFO  AuthPage :228 - Enter address line2 to deliver Leicester Square to addressline 2 field [[ChromeDriver: chrome on WINDOWS (00ca5f7c58e0f2374c22d37437e27c1b)] -> xpath: //input[@id='address2']]
2022-05-26 23:05:569 INFO  AuthPage :233 - Enter city name to deliver London to city field [[ChromeDriver: chrome on WINDOWS (00ca5f7c58e0f2374c22d37437e27c1b)] -> xpath: //input[@id='city']]
2022-05-26 23:05:629 INFO  AuthPage :239 - Enter state name to deliver Texas to state field [[ChromeDriver: chrome on WINDOWS (00ca5f7c58e0f2374c22d37437e27c1b)] -> xpath: //select[@id='id_state']]
2022-05-26 23:05:690 INFO  AuthPage :244 - Enter post code to deliver 565566 to postcode field [[ChromeDriver: chrome on WINDOWS (00ca5f7c58e0f2374c22d37437e27c1b)] -> xpath: //input[@id='postcode']]
2022-05-26 23:05:729 INFO  AuthPage :249 - Selecting country United States from dropdown [[ChromeDriver: chrome on WINDOWS (00ca5f7c58e0f2374c22d37437e27c1b)] -> xpath: //select[@id='id_country']]
2022-05-26 23:05:798 INFO  AuthPage :254 - sending Additional information do not deliver next door from dropdown [[ChromeDriver: chrome on WINDOWS (00ca5f7c58e0f2374c22d37437e27c1b)] -> xpath: //textarea[@id='other']]
2022-05-26 23:05:857 INFO  AuthPage :259 - Enter homephone number 02085556667 to phone number field [[ChromeDriver: chrome on WINDOWS (00ca5f7c58e0f2374c22d37437e27c1b)] -> xpath: //input[@id='phone']]
2022-05-26 23:05:920 INFO  AuthPage :264 - Enter mobile number 0795566778 to mobile number field [[ChromeDriver: chrome on WINDOWS (00ca5f7c58e0f2374c22d37437e27c1b)] -> xpath: //input[@id='phone_mobile']]
2022-05-26 23:05:987 INFO  AuthPage :269 - Enter assign ref my new address  to address for future field [[ChromeDriver: chrome on WINDOWS (00ca5f7c58e0f2374c22d37437e27c1b)] -> xpath: //input[@id='alias']]
2022-05-26 23:05:915 INFO  AuthPage :275 - Clicking on register[[ChromeDriver: chrome on WINDOWS (00ca5f7c58e0f2374c22d37437e27c1b)] -> xpath: //body[1]/div[1]/div[2]/div[1]/div[3]/div[1]/div[1]/form[1]/div[4]/button[1]/span[1]]
2022-05-27 01:05:969 INFO  ManageDriver :30 - Launching Chrome Browser
2022-05-27 01:05:498 INFO  ManageDriver :30 - Launching Chrome Browser
2022-05-27 01:05:762 INFO  AuthPage :154 - Enter email sam to email field [[ChromeDriver: chrome on WINDOWS (92c4e7bf9f9f34295732a95c5caef6e0)] -> xpath: //input[@id='email_create']]
2022-05-27 01:05:292 INFO  AuthPage :165 - Clicking on Radio Button [[ChromeDriver: chrome on WINDOWS (92c4e7bf9f9f34295732a95c5caef6e0)] -> xpath: //input[@id='id_gender1']]
2022-05-27 01:05:369 INFO  AuthPage :170 - getting firstname text  [[ChromeDriver: chrome on WINDOWS (92c4e7bf9f9f34295732a95c5caef6e0)] -> xpath: //input[@id='customer_lastname']]
2022-05-27 01:05:426 INFO  AuthPage :175 - getting lastname text  [[ChromeDriver: chrome on WINDOWS (92c4e7bf9f9f34295732a95c5caef6e0)] -> xpath: //input[@id='customer_lastname']]
2022-05-27 01:05:484 INFO  AuthPage :185 - enter password 456789@ to email field 
2022-05-27 01:05:580 INFO  AuthPage :190 - Selecting day 10from dropdown[[ChromeDriver: chrome on WINDOWS (92c4e7bf9f9f34295732a95c5caef6e0)] -> xpath: //select[@id='days']]
2022-05-27 01:05:704 INFO  AuthPage :195 - Selecting month 11from Dropdown[[ChromeDriver: chrome on WINDOWS (92c4e7bf9f9f34295732a95c5caef6e0)] -> xpath: //select[@id='months']]
2022-05-27 01:05:801 INFO  AuthPage :201 - Selecting month 2001from Dropdown[[ChromeDriver: chrome on WINDOWS (92c4e7bf9f9f34295732a95c5caef6e0)] -> xpath: //select[@id='years']]
2022-05-27 01:05:920 INFO  AuthPage :206 - Clicking on newsletterbox [[ChromeDriver: chrome on WINDOWS (92c4e7bf9f9f34295732a95c5caef6e0)] -> xpath: //input[@id='newsletter']]
2022-05-27 01:05:965 INFO  AuthPage :211 - Clicking on specialoffer [[ChromeDriver: chrome on WINDOWS (92c4e7bf9f9f34295732a95c5caef6e0)] -> xpath: //input[@id='optin']]
2022-05-27 01:05:15 INFO  AuthPage :216 - Enter name to deliver sam to delivery address field [[ChromeDriver: chrome on WINDOWS (92c4e7bf9f9f34295732a95c5caef6e0)] -> xpath: //input[@id='firstname']]
2022-05-27 01:05:69 INFO  AuthPage :221 - Enter last name to deliver Patel to lastname to delivery address field [[ChromeDriver: chrome on WINDOWS (92c4e7bf9f9f34295732a95c5caef6e0)] -> xpath: //input[@id='lastname']]
2022-05-27 01:05:128 INFO  AuthPage :226 - Enter name to company Sigma to company field [[ChromeDriver: chrome on WINDOWS (92c4e7bf9f9f34295732a95c5caef6e0)] -> xpath: //input[@id='company']]
2022-05-27 01:05:194 INFO  AuthPage :231 - Enter street name to deliver West street to street name field [[ChromeDriver: chrome on WINDOWS (92c4e7bf9f9f34295732a95c5caef6e0)] -> xpath: //input[@id='address1']]
2022-05-27 01:05:272 INFO  AuthPage :236 - Enter address line2 to deliver Leicester Square to addressline 2 field [[ChromeDriver: chrome on WINDOWS (92c4e7bf9f9f34295732a95c5caef6e0)] -> xpath: //input[@id='address2']]
2022-05-27 01:05:328 INFO  AuthPage :241 - Enter city name to deliver London to city field [[ChromeDriver: chrome on WINDOWS (92c4e7bf9f9f34295732a95c5caef6e0)] -> xpath: //input[@id='city']]
2022-05-27 01:05:389 INFO  AuthPage :247 - Enter state name to deliver Texas to state field [[ChromeDriver: chrome on WINDOWS (92c4e7bf9f9f34295732a95c5caef6e0)] -> xpath: //select[@id='id_state']]
2022-05-27 01:05:452 INFO  AuthPage :252 - Enter post code to deliver 565566 to postcode field [[ChromeDriver: chrome on WINDOWS (92c4e7bf9f9f34295732a95c5caef6e0)] -> xpath: //input[@id='postcode']]
2022-05-27 01:05:491 INFO  AuthPage :257 - Selecting country United States from dropdown [[ChromeDriver: chrome on WINDOWS (92c4e7bf9f9f34295732a95c5caef6e0)] -> xpath: //select[@id='id_country']]
2022-05-27 01:05:569 INFO  AuthPage :262 - sending Additional information do not deliver next door from dropdown [[ChromeDriver: chrome on WINDOWS (92c4e7bf9f9f34295732a95c5caef6e0)] -> xpath: //textarea[@id='other']]
2022-05-27 01:05:631 INFO  AuthPage :267 - Enter homephone number 02085556667 to phone number field [[ChromeDriver: chrome on WINDOWS (92c4e7bf9f9f34295732a95c5caef6e0)] -> xpath: //input[@id='phone']]
2022-05-27 01:05:694 INFO  AuthPage :272 - Enter mobile number 0795566778 to mobile number field [[ChromeDriver: chrome on WINDOWS (92c4e7bf9f9f34295732a95c5caef6e0)] -> xpath: //input[@id='phone_mobile']]
2022-05-27 01:05:762 INFO  AuthPage :277 - Enter assign ref my new address  to address for future field [[ChromeDriver: chrome on WINDOWS (92c4e7bf9f9f34295732a95c5caef6e0)] -> xpath: //input[@id='alias']]
2022-05-27 01:05:794 INFO  AuthPage :283 - Clicking on register[[ChromeDriver: chrome on WINDOWS (92c4e7bf9f9f34295732a95c5caef6e0)] -> xpath: //body[1]/div[1]/div[2]/div[1]/div[3]/div[1]/div[1]/form[1]/div[4]/button[1]/span[1]]
2022-05-27 01:05:331 INFO  ManageDriver :30 - Launching Chrome Browser
2022-05-27 01:05:931 INFO  ManageDriver :30 - Launching Chrome Browser
2022-05-27 01:05:37 INFO  ManageDriver :30 - Launching Chrome Browser
2022-05-27 01:05:684 INFO  AuthPage :154 - Enter email sam to email field [[ChromeDriver: chrome on WINDOWS (96577fe98f211d8437c7ac1a108da3d0)] -> xpath: //input[@id='email_create']]
2022-05-27 01:05:393 INFO  AuthPage :165 - Clicking on Radio Button [[ChromeDriver: chrome on WINDOWS (96577fe98f211d8437c7ac1a108da3d0)] -> xpath: //input[@id='id_gender1']]
2022-05-27 01:05:470 INFO  AuthPage :170 - getting firstname text  [[ChromeDriver: chrome on WINDOWS (96577fe98f211d8437c7ac1a108da3d0)] -> xpath: //input[@id='customer_lastname']]
2022-05-27 01:05:549 INFO  AuthPage :175 - getting lastname text  [[ChromeDriver: chrome on WINDOWS (96577fe98f211d8437c7ac1a108da3d0)] -> xpath: //input[@id='customer_lastname']]
2022-05-27 01:05:616 INFO  AuthPage :185 - enter password 456789@ to email field 
2022-05-27 01:05:750 INFO  AuthPage :190 - Selecting day 10from dropdown[[ChromeDriver: chrome on WINDOWS (96577fe98f211d8437c7ac1a108da3d0)] -> xpath: //select[@id='days']]
2022-05-27 01:05:848 INFO  AuthPage :195 - Selecting month 11from Dropdown[[ChromeDriver: chrome on WINDOWS (96577fe98f211d8437c7ac1a108da3d0)] -> xpath: //select[@id='months']]
2022-05-27 01:05:993 INFO  AuthPage :201 - Selecting month 2001from Dropdown[[ChromeDriver: chrome on WINDOWS (96577fe98f211d8437c7ac1a108da3d0)] -> xpath: //select[@id='years']]
2022-05-27 01:05:78 INFO  AuthPage :206 - Clicking on newsletterbox [[ChromeDriver: chrome on WINDOWS (96577fe98f211d8437c7ac1a108da3d0)] -> xpath: //input[@id='newsletter']]
2022-05-27 01:05:142 INFO  AuthPage :211 - Clicking on specialoffer [[ChromeDriver: chrome on WINDOWS (96577fe98f211d8437c7ac1a108da3d0)] -> xpath: //input[@id='optin']]
2022-05-27 01:05:225 INFO  AuthPage :216 - Enter name to deliver sam to delivery address field [[ChromeDriver: chrome on WINDOWS (96577fe98f211d8437c7ac1a108da3d0)] -> xpath: //input[@id='firstname']]
2022-05-27 01:05:297 INFO  AuthPage :221 - Enter last name to deliver Patel to lastname to delivery address field [[ChromeDriver: chrome on WINDOWS (96577fe98f211d8437c7ac1a108da3d0)] -> xpath: //input[@id='lastname']]
2022-05-27 01:05:384 INFO  AuthPage :226 - Enter name to company Sigma to company field [[ChromeDriver: chrome on WINDOWS (96577fe98f211d8437c7ac1a108da3d0)] -> xpath: //input[@id='company']]
2022-05-27 01:05:453 INFO  AuthPage :231 - Enter street name to deliver West street to street name field [[ChromeDriver: chrome on WINDOWS (96577fe98f211d8437c7ac1a108da3d0)] -> xpath: //input[@id='address1']]
2022-05-27 01:05:531 INFO  AuthPage :236 - Enter address line2 to deliver Leicester Square to addressline 2 field [[ChromeDriver: chrome on WINDOWS (96577fe98f211d8437c7ac1a108da3d0)] -> xpath: //input[@id='address2']]
2022-05-27 01:05:585 INFO  AuthPage :241 - Enter city name to deliver London to city field [[ChromeDriver: chrome on WINDOWS (96577fe98f211d8437c7ac1a108da3d0)] -> xpath: //input[@id='city']]
2022-05-27 01:05:639 INFO  AuthPage :247 - Enter state name to deliver Texas to state field [[ChromeDriver: chrome on WINDOWS (96577fe98f211d8437c7ac1a108da3d0)] -> xpath: //select[@id='id_state']]
2022-05-27 01:05:688 INFO  AuthPage :252 - Enter post code to deliver 565566 to postcode field [[ChromeDriver: chrome on WINDOWS (96577fe98f211d8437c7ac1a108da3d0)] -> xpath: //input[@id='postcode']]
2022-05-27 01:05:728 INFO  AuthPage :257 - Selecting country United States from dropdown [[ChromeDriver: chrome on WINDOWS (96577fe98f211d8437c7ac1a108da3d0)] -> xpath: //select[@id='id_country']]
2022-05-27 01:05:794 INFO  AuthPage :262 - sending Additional information do not deliver next door from dropdown [[ChromeDriver: chrome on WINDOWS (96577fe98f211d8437c7ac1a108da3d0)] -> xpath: //textarea[@id='other']]
2022-05-27 01:05:239 INFO  AuthPage :267 - Enter homephone number 02085556667 to phone number field [[ChromeDriver: chrome on WINDOWS (96577fe98f211d8437c7ac1a108da3d0)] -> xpath: //input[@id='phone']]
2022-05-27 01:05:288 INFO  AuthPage :272 - Enter mobile number 0795566778 to mobile number field [[ChromeDriver: chrome on WINDOWS (96577fe98f211d8437c7ac1a108da3d0)] -> xpath: //input[@id='phone_mobile']]
2022-05-27 01:05:346 INFO  AuthPage :277 - Enter assign ref my new address  to address for future field [[ChromeDriver: chrome on WINDOWS (96577fe98f211d8437c7ac1a108da3d0)] -> xpath: //input[@id='alias']]
2022-05-27 01:05:570 INFO  AuthPage :283 - Clicking on register[[ChromeDriver: chrome on WINDOWS (96577fe98f211d8437c7ac1a108da3d0)] -> xpath: //body[1]/div[1]/div[2]/div[1]/div[3]/div[1]/div[1]/form[1]/div[4]/button[1]/span[1]]
2022-05-27 01:05:87 INFO  ManageDriver :30 - Launching Chrome Browser
2022-05-27 01:05:979 INFO  ManageDriver :30 - Launching Chrome Browser
2022-05-27 01:05:990 INFO  AuthPage :154 - Enter email sam to email field [[ChromeDriver: chrome on WINDOWS (9fe632bc56efa0370455a2ccbf6e448c)] -> xpath: //input[@id='email_create']]
2022-05-27 01:05:385 INFO  AuthPage :165 - Clicking on Radio Button [[ChromeDriver: chrome on WINDOWS (9fe632bc56efa0370455a2ccbf6e448c)] -> xpath: //input[@id='id_gender1']]
2022-05-27 01:05:451 INFO  AuthPage :170 - getting firstname text  [[ChromeDriver: chrome on WINDOWS (9fe632bc56efa0370455a2ccbf6e448c)] -> xpath: //input[@id='customer_lastname']]
2022-05-27 01:05:522 INFO  AuthPage :175 - getting lastname text  [[ChromeDriver: chrome on WINDOWS (9fe632bc56efa0370455a2ccbf6e448c)] -> xpath: //input[@id='customer_lastname']]
2022-05-27 01:05:578 INFO  AuthPage :185 - enter password 456789@ to email field 
2022-05-27 01:05:668 INFO  AuthPage :190 - Selecting day 10from dropdown[[ChromeDriver: chrome on WINDOWS (9fe632bc56efa0370455a2ccbf6e448c)] -> xpath: //select[@id='days']]
2022-05-27 01:05:753 INFO  AuthPage :195 - Selecting month 11from Dropdown[[ChromeDriver: chrome on WINDOWS (9fe632bc56efa0370455a2ccbf6e448c)] -> xpath: //select[@id='months']]
2022-05-27 01:05:821 INFO  AuthPage :201 - Selecting month 2001from Dropdown[[ChromeDriver: chrome on WINDOWS (9fe632bc56efa0370455a2ccbf6e448c)] -> xpath: //select[@id='years']]
2022-05-27 01:05:872 INFO  AuthPage :206 - Clicking on newsletterbox [[ChromeDriver: chrome on WINDOWS (9fe632bc56efa0370455a2ccbf6e448c)] -> xpath: //input[@id='newsletter']]
2022-05-27 01:05:954 INFO  AuthPage :211 - Clicking on specialoffer [[ChromeDriver: chrome on WINDOWS (9fe632bc56efa0370455a2ccbf6e448c)] -> xpath: //input[@id='optin']]
2022-05-27 01:05:09 INFO  AuthPage :216 - Enter name to deliver sam to delivery address field [[ChromeDriver: chrome on WINDOWS (9fe632bc56efa0370455a2ccbf6e448c)] -> xpath: //input[@id='firstname']]
2022-05-27 01:05:56 INFO  AuthPage :221 - Enter last name to deliver Patel to lastname to delivery address field [[ChromeDriver: chrome on WINDOWS (9fe632bc56efa0370455a2ccbf6e448c)] -> xpath: //input[@id='lastname']]
2022-05-27 01:05:105 INFO  AuthPage :226 - Enter name to company Sigma to company field [[ChromeDriver: chrome on WINDOWS (9fe632bc56efa0370455a2ccbf6e448c)] -> xpath: //input[@id='company']]
2022-05-27 01:05:179 INFO  AuthPage :231 - Enter street name to deliver West street to street name field [[ChromeDriver: chrome on WINDOWS (9fe632bc56efa0370455a2ccbf6e448c)] -> xpath: //input[@id='address1']]
2022-05-27 01:05:253 INFO  AuthPage :236 - Enter address line2 to deliver Leicester Square to addressline 2 field [[ChromeDriver: chrome on WINDOWS (9fe632bc56efa0370455a2ccbf6e448c)] -> xpath: //input[@id='address2']]
2022-05-27 01:05:300 INFO  AuthPage :241 - Enter city name to deliver London to city field [[ChromeDriver: chrome on WINDOWS (9fe632bc56efa0370455a2ccbf6e448c)] -> xpath: //input[@id='city']]
2022-05-27 01:05:356 INFO  AuthPage :247 - Enter state name to deliver Texas to state field [[ChromeDriver: chrome on WINDOWS (9fe632bc56efa0370455a2ccbf6e448c)] -> xpath: //select[@id='id_state']]
2022-05-27 01:05:407 INFO  AuthPage :252 - Enter post code to deliver 565566 to postcode field [[ChromeDriver: chrome on WINDOWS (9fe632bc56efa0370455a2ccbf6e448c)] -> xpath: //input[@id='postcode']]
2022-05-27 01:05:442 INFO  AuthPage :257 - Selecting country United States from dropdown [[ChromeDriver: chrome on WINDOWS (9fe632bc56efa0370455a2ccbf6e448c)] -> xpath: //select[@id='id_country']]
2022-05-27 01:05:508 INFO  AuthPage :262 - sending Additional information do not deliver next door from dropdown [[ChromeDriver: chrome on WINDOWS (9fe632bc56efa0370455a2ccbf6e448c)] -> xpath: //textarea[@id='other']]
2022-05-27 01:05:572 INFO  AuthPage :267 - Enter homephone number 02085556667 to phone number field [[ChromeDriver: chrome on WINDOWS (9fe632bc56efa0370455a2ccbf6e448c)] -> xpath: //input[@id='phone']]
2022-05-27 01:05:626 INFO  AuthPage :272 - Enter mobile number 0795566778 to mobile number field [[ChromeDriver: chrome on WINDOWS (9fe632bc56efa0370455a2ccbf6e448c)] -> xpath: //input[@id='phone_mobile']]
2022-05-27 01:05:686 INFO  AuthPage :277 - Enter assign ref my new address  to address for future field [[ChromeDriver: chrome on WINDOWS (9fe632bc56efa0370455a2ccbf6e448c)] -> xpath: //input[@id='alias']]
2022-05-27 01:05:438 INFO  AuthPage :283 - Clicking on register[[ChromeDriver: chrome on WINDOWS (9fe632bc56efa0370455a2ccbf6e448c)] -> xpath: //body[1]/div[1]/div[2]/div[1]/div[3]/div[1]/div[1]/form[1]/div[4]/button[1]/span[1]]
2022-05-27 01:05:385 INFO  ManageDriver :30 - Launching Chrome Browser
2022-05-27 01:05:596 INFO  ManageDriver :30 - Launching Chrome Browser
2022-05-27 01:05:161 INFO  AuthPage :154 - Enter email sam to email field [[ChromeDriver: chrome on WINDOWS (4a0435f174c12c48b832d9ad26854bc5)] -> xpath: //input[@id='email_create']]
2022-05-27 01:05:979 INFO  AuthPage :165 - Clicking on Radio Button [[ChromeDriver: chrome on WINDOWS (4a0435f174c12c48b832d9ad26854bc5)] -> xpath: //input[@id='id_gender1']]
2022-05-27 01:05:46 INFO  AuthPage :170 - getting firstname text  [[ChromeDriver: chrome on WINDOWS (4a0435f174c12c48b832d9ad26854bc5)] -> xpath: //input[@id='customer_lastname']]
2022-05-27 01:05:105 INFO  AuthPage :175 - getting lastname text  [[ChromeDriver: chrome on WINDOWS (4a0435f174c12c48b832d9ad26854bc5)] -> xpath: //input[@id='customer_lastname']]
2022-05-27 01:05:173 INFO  AuthPage :185 - enter password 456789@ to email field 
2022-05-27 01:05:268 INFO  AuthPage :190 - Selecting day 10from dropdown[[ChromeDriver: chrome on WINDOWS (4a0435f174c12c48b832d9ad26854bc5)] -> xpath: //select[@id='days']]
2022-05-27 01:05:347 INFO  AuthPage :195 - Selecting month 11from Dropdown[[ChromeDriver: chrome on WINDOWS (4a0435f174c12c48b832d9ad26854bc5)] -> xpath: //select[@id='months']]
2022-05-27 01:05:424 INFO  AuthPage :201 - Selecting month 2001from Dropdown[[ChromeDriver: chrome on WINDOWS (4a0435f174c12c48b832d9ad26854bc5)] -> xpath: //select[@id='years']]
2022-05-27 01:05:485 INFO  AuthPage :206 - Clicking on newsletterbox [[ChromeDriver: chrome on WINDOWS (4a0435f174c12c48b832d9ad26854bc5)] -> xpath: //input[@id='newsletter']]
2022-05-27 01:05:593 INFO  AuthPage :211 - Clicking on specialoffer [[ChromeDriver: chrome on WINDOWS (4a0435f174c12c48b832d9ad26854bc5)] -> xpath: //input[@id='optin']]
2022-05-27 01:05:642 INFO  AuthPage :216 - Enter name to deliver sam to delivery address field [[ChromeDriver: chrome on WINDOWS (4a0435f174c12c48b832d9ad26854bc5)] -> xpath: //input[@id='firstname']]
2022-05-27 01:05:694 INFO  AuthPage :221 - Enter last name to deliver Patel to lastname to delivery address field [[ChromeDriver: chrome on WINDOWS (4a0435f174c12c48b832d9ad26854bc5)] -> xpath: //input[@id='lastname']]
2022-05-27 01:05:749 INFO  AuthPage :226 - Enter name to company Sigma to company field [[ChromeDriver: chrome on WINDOWS (4a0435f174c12c48b832d9ad26854bc5)] -> xpath: //input[@id='company']]
2022-05-27 01:05:818 INFO  AuthPage :231 - Enter street name to deliver West street to street name field [[ChromeDriver: chrome on WINDOWS (4a0435f174c12c48b832d9ad26854bc5)] -> xpath: //input[@id='address1']]
2022-05-27 01:05:878 INFO  AuthPage :236 - Enter address line2 to deliver Leicester Square to addressline 2 field [[ChromeDriver: chrome on WINDOWS (4a0435f174c12c48b832d9ad26854bc5)] -> xpath: //input[@id='address2']]
2022-05-27 01:05:931 INFO  AuthPage :241 - Enter city name to deliver London to city field [[ChromeDriver: chrome on WINDOWS (4a0435f174c12c48b832d9ad26854bc5)] -> xpath: //input[@id='city']]
2022-05-27 01:05:981 INFO  AuthPage :247 - Enter state name to deliver Texas to state field [[ChromeDriver: chrome on WINDOWS (4a0435f174c12c48b832d9ad26854bc5)] -> xpath: //select[@id='id_state']]
2022-05-27 01:05:35 INFO  AuthPage :252 - Enter post code to deliver 565566 to postcode field [[ChromeDriver: chrome on WINDOWS (4a0435f174c12c48b832d9ad26854bc5)] -> xpath: //input[@id='postcode']]
2022-05-27 01:05:77 INFO  AuthPage :257 - Selecting country United States from dropdown [[ChromeDriver: chrome on WINDOWS (4a0435f174c12c48b832d9ad26854bc5)] -> xpath: //select[@id='id_country']]
2022-05-27 01:05:145 INFO  AuthPage :262 - sending Additional information do not deliver next door from dropdown [[ChromeDriver: chrome on WINDOWS (4a0435f174c12c48b832d9ad26854bc5)] -> xpath: //textarea[@id='other']]
2022-05-27 01:05:205 INFO  AuthPage :267 - Enter homephone number 02085556667 to phone number field [[ChromeDriver: chrome on WINDOWS (4a0435f174c12c48b832d9ad26854bc5)] -> xpath: //input[@id='phone']]
2022-05-27 01:05:253 INFO  AuthPage :272 - Enter mobile number 0795566778 to mobile number field [[ChromeDriver: chrome on WINDOWS (4a0435f174c12c48b832d9ad26854bc5)] -> xpath: //input[@id='phone_mobile']]
2022-05-27 01:05:311 INFO  AuthPage :277 - Enter assign ref my new address  to address for future field [[ChromeDriver: chrome on WINDOWS (4a0435f174c12c48b832d9ad26854bc5)] -> xpath: //input[@id='alias']]
2022-05-27 01:05:187 INFO  AuthPage :283 - Clicking on register[[ChromeDriver: chrome on WINDOWS (4a0435f174c12c48b832d9ad26854bc5)] -> xpath: //body[1]/div[1]/div[2]/div[1]/div[3]/div[1]/div[1]/form[1]/div[4]/button[1]/span[1]]
2022-05-27 01:05:694 INFO  ManageDriver :30 - Launching Chrome Browser
2022-05-27 01:05:854 INFO  ManageDriver :30 - Launching Chrome Browser
2022-05-27 01:05:595 INFO  AuthPage :154 - Enter email sam to email field [[ChromeDriver: chrome on WINDOWS (78fd2dc2475c2d6a5c04b5f43770d205)] -> xpath: //input[@id='email_create']]
2022-05-27 01:05:62 INFO  AuthPage :165 - Clicking on Radio Button [[ChromeDriver: chrome on WINDOWS (78fd2dc2475c2d6a5c04b5f43770d205)] -> xpath: //input[@id='id_gender1']]
2022-05-27 01:05:145 INFO  AuthPage :170 - getting firstname text  [[ChromeDriver: chrome on WINDOWS (78fd2dc2475c2d6a5c04b5f43770d205)] -> xpath: //input[@id='customer_lastname']]
2022-05-27 01:05:210 INFO  AuthPage :175 - getting lastname text  [[ChromeDriver: chrome on WINDOWS (78fd2dc2475c2d6a5c04b5f43770d205)] -> xpath: //input[@id='customer_lastname']]
2022-05-27 01:05:277 INFO  AuthPage :185 - enter password 456789@ to email field 
2022-05-27 01:05:442 INFO  AuthPage :190 - Selecting day 10from dropdown[[ChromeDriver: chrome on WINDOWS (78fd2dc2475c2d6a5c04b5f43770d205)] -> xpath: //select[@id='days']]
2022-05-27 01:05:526 INFO  AuthPage :195 - Selecting month 11from Dropdown[[ChromeDriver: chrome on WINDOWS (78fd2dc2475c2d6a5c04b5f43770d205)] -> xpath: //select[@id='months']]
2022-05-27 01:05:673 INFO  AuthPage :201 - Selecting month 2001from Dropdown[[ChromeDriver: chrome on WINDOWS (78fd2dc2475c2d6a5c04b5f43770d205)] -> xpath: //select[@id='years']]
2022-05-27 01:05:724 INFO  AuthPage :206 - Clicking on newsletterbox [[ChromeDriver: chrome on WINDOWS (78fd2dc2475c2d6a5c04b5f43770d205)] -> xpath: //input[@id='newsletter']]
2022-05-27 01:05:772 INFO  AuthPage :211 - Clicking on specialoffer [[ChromeDriver: chrome on WINDOWS (78fd2dc2475c2d6a5c04b5f43770d205)] -> xpath: //input[@id='optin']]
2022-05-27 01:05:825 INFO  AuthPage :216 - Enter name to deliver sam to delivery address field [[ChromeDriver: chrome on WINDOWS (78fd2dc2475c2d6a5c04b5f43770d205)] -> xpath: //input[@id='firstname']]
2022-05-27 01:05:883 INFO  AuthPage :221 - Enter last name to deliver Patel to lastname to delivery address field [[ChromeDriver: chrome on WINDOWS (78fd2dc2475c2d6a5c04b5f43770d205)] -> xpath: //input[@id='lastname']]
2022-05-27 01:05:959 INFO  AuthPage :226 - Enter name to company Sigma to company field [[ChromeDriver: chrome on WINDOWS (78fd2dc2475c2d6a5c04b5f43770d205)] -> xpath: //input[@id='company']]
2022-05-27 01:05:25 INFO  AuthPage :231 - Enter street name to deliver West street to street name field [[ChromeDriver: chrome on WINDOWS (78fd2dc2475c2d6a5c04b5f43770d205)] -> xpath: //input[@id='address1']]
2022-05-27 01:05:115 INFO  AuthPage :236 - Enter address line2 to deliver Leicester Square to addressline 2 field [[ChromeDriver: chrome on WINDOWS (78fd2dc2475c2d6a5c04b5f43770d205)] -> xpath: //input[@id='address2']]
2022-05-27 01:05:177 INFO  AuthPage :241 - Enter city name to deliver London to city field [[ChromeDriver: chrome on WINDOWS (78fd2dc2475c2d6a5c04b5f43770d205)] -> xpath: //input[@id='city']]
2022-05-27 01:05:239 INFO  AuthPage :247 - Enter state name to deliver Texas to state field [[ChromeDriver: chrome on WINDOWS (78fd2dc2475c2d6a5c04b5f43770d205)] -> xpath: //select[@id='id_state']]
2022-05-27 01:05:306 INFO  AuthPage :252 - Enter post code to deliver 565566 to postcode field [[ChromeDriver: chrome on WINDOWS (78fd2dc2475c2d6a5c04b5f43770d205)] -> xpath: //input[@id='postcode']]
2022-05-27 01:05:352 INFO  AuthPage :257 - Selecting country United States from dropdown [[ChromeDriver: chrome on WINDOWS (78fd2dc2475c2d6a5c04b5f43770d205)] -> xpath: //select[@id='id_country']]
2022-05-27 01:05:427 INFO  AuthPage :262 - sending Additional information do not deliver next door from dropdown [[ChromeDriver: chrome on WINDOWS (78fd2dc2475c2d6a5c04b5f43770d205)] -> xpath: //textarea[@id='other']]
2022-05-27 01:05:40 INFO  AuthPage :267 - Enter homephone number 02085556667 to phone number field [[ChromeDriver: chrome on WINDOWS (78fd2dc2475c2d6a5c04b5f43770d205)] -> xpath: //input[@id='phone']]
2022-05-27 01:05:122 INFO  AuthPage :272 - Enter mobile number 0795566778 to mobile number field [[ChromeDriver: chrome on WINDOWS (78fd2dc2475c2d6a5c04b5f43770d205)] -> xpath: //input[@id='phone_mobile']]
2022-05-27 01:05:216 INFO  AuthPage :277 - Enter assign ref my new address  to address for future field [[ChromeDriver: chrome on WINDOWS (78fd2dc2475c2d6a5c04b5f43770d205)] -> xpath: //input[@id='alias']]
2022-05-27 01:05:727 INFO  AuthPage :283 - Clicking on register[[ChromeDriver: chrome on WINDOWS (78fd2dc2475c2d6a5c04b5f43770d205)] -> xpath: //body[1]/div[1]/div[2]/div[1]/div[3]/div[1]/div[1]/form[1]/div[4]/button[1]/span[1]]
2022-05-27 01:05:525 INFO  ManageDriver :30 - Launching Chrome Browser
2022-05-27 01:05:67 INFO  ManageDriver :30 - Launching Chrome Browser
2022-05-27 01:05:162 INFO  AuthPage :154 - Enter email sam to email field [[ChromeDriver: chrome on WINDOWS (50d2487238ea6fbb433f5db0d77ff32f)] -> xpath: //input[@id='email_create']]
2022-05-27 01:05:993 INFO  AuthPage :165 - Clicking on Radio Button [[ChromeDriver: chrome on WINDOWS (50d2487238ea6fbb433f5db0d77ff32f)] -> xpath: //input[@id='id_gender1']]
2022-05-27 01:05:92 INFO  AuthPage :170 - getting firstname text  [[ChromeDriver: chrome on WINDOWS (50d2487238ea6fbb433f5db0d77ff32f)] -> xpath: //input[@id='customer_lastname']]
2022-05-27 01:05:169 INFO  AuthPage :175 - getting lastname text  [[ChromeDriver: chrome on WINDOWS (50d2487238ea6fbb433f5db0d77ff32f)] -> xpath: //input[@id='customer_lastname']]
2022-05-27 01:05:250 INFO  AuthPage :185 - enter password 456789@ to email field 
2022-05-27 01:05:407 INFO  AuthPage :190 - Selecting day 10from dropdown[[ChromeDriver: chrome on WINDOWS (50d2487238ea6fbb433f5db0d77ff32f)] -> xpath: //select[@id='days']]
2022-05-27 01:05:609 INFO  AuthPage :195 - Selecting month 11from Dropdown[[ChromeDriver: chrome on WINDOWS (50d2487238ea6fbb433f5db0d77ff32f)] -> xpath: //select[@id='months']]
2022-05-27 01:05:713 INFO  AuthPage :201 - Selecting month 2001from Dropdown[[ChromeDriver: chrome on WINDOWS (50d2487238ea6fbb433f5db0d77ff32f)] -> xpath: //select[@id='years']]
2022-05-27 01:05:801 INFO  AuthPage :206 - Clicking on newsletterbox [[ChromeDriver: chrome on WINDOWS (50d2487238ea6fbb433f5db0d77ff32f)] -> xpath: //input[@id='newsletter']]
2022-05-27 01:05:884 INFO  AuthPage :211 - Clicking on specialoffer [[ChromeDriver: chrome on WINDOWS (50d2487238ea6fbb433f5db0d77ff32f)] -> xpath: //input[@id='optin']]
2022-05-27 01:05:981 INFO  AuthPage :216 - Enter name to deliver sam to delivery address field [[ChromeDriver: chrome on WINDOWS (50d2487238ea6fbb433f5db0d77ff32f)] -> xpath: //input[@id='firstname']]
2022-05-27 01:05:69 INFO  AuthPage :221 - Enter last name to deliver Patel to lastname to delivery address field [[ChromeDriver: chrome on WINDOWS (50d2487238ea6fbb433f5db0d77ff32f)] -> xpath: //input[@id='lastname']]
2022-05-27 01:05:158 INFO  AuthPage :226 - Enter name to company Sigma to company field [[ChromeDriver: chrome on WINDOWS (50d2487238ea6fbb433f5db0d77ff32f)] -> xpath: //input[@id='company']]
2022-05-27 01:05:282 INFO  AuthPage :231 - Enter street name to deliver West street to street name field [[ChromeDriver: chrome on WINDOWS (50d2487238ea6fbb433f5db0d77ff32f)] -> xpath: //input[@id='address1']]
2022-05-27 01:05:403 INFO  AuthPage :236 - Enter address line2 to deliver Leicester Square to addressline 2 field [[ChromeDriver: chrome on WINDOWS (50d2487238ea6fbb433f5db0d77ff32f)] -> xpath: //input[@id='address2']]
2022-05-27 01:05:487 INFO  AuthPage :241 - Enter city name to deliver London to city field [[ChromeDriver: chrome on WINDOWS (50d2487238ea6fbb433f5db0d77ff32f)] -> xpath: //input[@id='city']]
2022-05-27 01:05:592 INFO  AuthPage :247 - Enter state name to deliver Texas to state field [[ChromeDriver: chrome on WINDOWS (50d2487238ea6fbb433f5db0d77ff32f)] -> xpath: //select[@id='id_state']]
2022-05-27 01:05:703 INFO  AuthPage :252 - Enter post code to deliver 565566 to postcode field [[ChromeDriver: chrome on WINDOWS (50d2487238ea6fbb433f5db0d77ff32f)] -> xpath: //input[@id='postcode']]
2022-05-27 01:05:768 INFO  AuthPage :257 - Selecting country United States from dropdown [[ChromeDriver: chrome on WINDOWS (50d2487238ea6fbb433f5db0d77ff32f)] -> xpath: //select[@id='id_country']]
2022-05-27 01:05:904 INFO  AuthPage :262 - sending Additional information do not deliver next door from dropdown [[ChromeDriver: chrome on WINDOWS (50d2487238ea6fbb433f5db0d77ff32f)] -> xpath: //textarea[@id='other']]
2022-05-27 01:05:41 INFO  AuthPage :267 - Enter homephone number 02085556667 to phone number field [[ChromeDriver: chrome on WINDOWS (50d2487238ea6fbb433f5db0d77ff32f)] -> xpath: //input[@id='phone']]
2022-05-27 01:05:157 INFO  AuthPage :272 - Enter mobile number 0795566778 to mobile number field [[ChromeDriver: chrome on WINDOWS (50d2487238ea6fbb433f5db0d77ff32f)] -> xpath: //input[@id='phone_mobile']]
2022-05-27 01:05:284 INFO  AuthPage :277 - Enter assign ref my new address  to address for future field [[ChromeDriver: chrome on WINDOWS (50d2487238ea6fbb433f5db0d77ff32f)] -> xpath: //input[@id='alias']]
2022-05-27 01:05:462 INFO  AuthPage :283 - Clicking on register[[ChromeDriver: chrome on WINDOWS (50d2487238ea6fbb433f5db0d77ff32f)] -> xpath: //body[1]/div[1]/div[2]/div[1]/div[3]/div[1]/div[1]/form[1]/div[4]/button[1]/span[1]]
2022-05-27 01:05:893 INFO  ManageDriver :30 - Launching Chrome Browser
2022-05-27 01:05:753 INFO  ManageDriver :30 - Launching Chrome Browser
2022-05-27 01:05:987 INFO  AuthPage :154 - Enter email sam to email field [[ChromeDriver: chrome on WINDOWS (241e3907517b7d7294c8513b5eb4d231)] -> xpath: //input[@id='email_create']]
2022-05-27 01:05:778 INFO  AuthPage :165 - Clicking on Radio Button [[ChromeDriver: chrome on WINDOWS (241e3907517b7d7294c8513b5eb4d231)] -> xpath: //input[@id='id_gender1']]
2022-05-27 01:05:863 INFO  AuthPage :170 - getting firstname text  [[ChromeDriver: chrome on WINDOWS (241e3907517b7d7294c8513b5eb4d231)] -> xpath: //input[@id='customer_lastname']]
2022-05-27 01:05:927 INFO  AuthPage :175 - getting lastname text  [[ChromeDriver: chrome on WINDOWS (241e3907517b7d7294c8513b5eb4d231)] -> xpath: //input[@id='customer_lastname']]
2022-05-27 01:05:995 INFO  AuthPage :185 - enter password 456789@ to email field 
2022-05-27 01:05:99 INFO  AuthPage :190 - Selecting day 10from dropdown[[ChromeDriver: chrome on WINDOWS (241e3907517b7d7294c8513b5eb4d231)] -> xpath: //select[@id='days']]
2022-05-27 01:05:197 INFO  AuthPage :195 - Selecting month 11from Dropdown[[ChromeDriver: chrome on WINDOWS (241e3907517b7d7294c8513b5eb4d231)] -> xpath: //select[@id='months']]
2022-05-27 01:05:289 INFO  AuthPage :201 - Selecting month 2001from Dropdown[[ChromeDriver: chrome on WINDOWS (241e3907517b7d7294c8513b5eb4d231)] -> xpath: //select[@id='years']]
2022-05-27 01:05:392 INFO  AuthPage :206 - Clicking on newsletterbox [[ChromeDriver: chrome on WINDOWS (241e3907517b7d7294c8513b5eb4d231)] -> xpath: //input[@id='newsletter']]
2022-05-27 01:05:446 INFO  AuthPage :211 - Clicking on specialoffer [[ChromeDriver: chrome on WINDOWS (241e3907517b7d7294c8513b5eb4d231)] -> xpath: //input[@id='optin']]
2022-05-27 01:05:498 INFO  AuthPage :216 - Enter name to deliver sam to delivery address field [[ChromeDriver: chrome on WINDOWS (241e3907517b7d7294c8513b5eb4d231)] -> xpath: //input[@id='firstname']]
2022-05-27 01:05:550 INFO  AuthPage :221 - Enter last name to deliver Patel to lastname to delivery address field [[ChromeDriver: chrome on WINDOWS (241e3907517b7d7294c8513b5eb4d231)] -> xpath: //input[@id='lastname']]
2022-05-27 01:05:613 INFO  AuthPage :226 - Enter name to company Sigma to company field [[ChromeDriver: chrome on WINDOWS (241e3907517b7d7294c8513b5eb4d231)] -> xpath: //input[@id='company']]
2022-05-27 01:05:692 INFO  AuthPage :231 - Enter street name to deliver West street to street name field [[ChromeDriver: chrome on WINDOWS (241e3907517b7d7294c8513b5eb4d231)] -> xpath: //input[@id='address1']]
2022-05-27 01:05:775 INFO  AuthPage :236 - Enter address line2 to deliver Leicester Square to addressline 2 field [[ChromeDriver: chrome on WINDOWS (241e3907517b7d7294c8513b5eb4d231)] -> xpath: //input[@id='address2']]
2022-05-27 01:05:837 INFO  AuthPage :241 - Enter city name to deliver London to city field [[ChromeDriver: chrome on WINDOWS (241e3907517b7d7294c8513b5eb4d231)] -> xpath: //input[@id='city']]
2022-05-27 01:05:902 INFO  AuthPage :247 - Enter state name to deliver Texas to state field [[ChromeDriver: chrome on WINDOWS (241e3907517b7d7294c8513b5eb4d231)] -> xpath: //select[@id='id_state']]
2022-05-27 01:05:977 INFO  AuthPage :252 - Enter post code to deliver 565566 to postcode field [[ChromeDriver: chrome on WINDOWS (241e3907517b7d7294c8513b5eb4d231)] -> xpath: //input[@id='postcode']]
2022-05-27 01:05:20 INFO  AuthPage :257 - Selecting country United States from dropdown [[ChromeDriver: chrome on WINDOWS (241e3907517b7d7294c8513b5eb4d231)] -> xpath: //select[@id='id_country']]
2022-05-27 01:05:200 INFO  AuthPage :262 - sending Additional information do not deliver next door from dropdown [[ChromeDriver: chrome on WINDOWS (241e3907517b7d7294c8513b5eb4d231)] -> xpath: //textarea[@id='other']]
2022-05-27 01:05:269 INFO  AuthPage :267 - Enter homephone number 02085556667 to phone number field [[ChromeDriver: chrome on WINDOWS (241e3907517b7d7294c8513b5eb4d231)] -> xpath: //input[@id='phone']]
2022-05-27 01:05:329 INFO  AuthPage :272 - Enter mobile number 0795566778 to mobile number field [[ChromeDriver: chrome on WINDOWS (241e3907517b7d7294c8513b5eb4d231)] -> xpath: //input[@id='phone_mobile']]
2022-05-27 01:05:402 INFO  AuthPage :277 - Enter assign ref my new address  to address for future field [[ChromeDriver: chrome on WINDOWS (241e3907517b7d7294c8513b5eb4d231)] -> xpath: //input[@id='alias']]
2022-05-27 01:05:905 INFO  AuthPage :283 - Clicking on register[[ChromeDriver: chrome on WINDOWS (241e3907517b7d7294c8513b5eb4d231)] -> xpath: //body[1]/div[1]/div[2]/div[1]/div[3]/div[1]/div[1]/form[1]/div[4]/button[1]/span[1]]
2022-05-27 01:05:262 INFO  ManageDriver :30 - Launching Chrome Browser
2022-05-27 01:05:827 INFO  ManageDriver :30 - Launching Chrome Browser
2022-05-27 01:05:530 INFO  ManageDriver :30 - Launching Chrome Browser
2022-05-27 01:05:252 INFO  AuthPage :154 - Enter email sam to email field [[ChromeDriver: chrome on WINDOWS (f61ae20e32d78109c2be9a5acf115eae)] -> xpath: //input[@id='email_create']]
2022-05-27 01:05:891 INFO  AuthPage :165 - Clicking on Radio Button [[ChromeDriver: chrome on WINDOWS (f61ae20e32d78109c2be9a5acf115eae)] -> xpath: //input[@id='id_gender1']]
2022-05-27 01:05:990 INFO  AuthPage :170 - getting firstname text  [[ChromeDriver: chrome on WINDOWS (f61ae20e32d78109c2be9a5acf115eae)] -> xpath: //input[@id='customer_lastname']]
2022-05-27 01:05:95 INFO  AuthPage :175 - getting lastname text  [[ChromeDriver: chrome on WINDOWS (f61ae20e32d78109c2be9a5acf115eae)] -> xpath: //input[@id='customer_lastname']]
2022-05-27 01:05:192 INFO  AuthPage :185 - enter password 456789@ to email field 
2022-05-27 01:05:398 INFO  AuthPage :190 - Selecting day 10from dropdown[[ChromeDriver: chrome on WINDOWS (f61ae20e32d78109c2be9a5acf115eae)] -> xpath: //select[@id='days']]
2022-05-27 01:05:545 INFO  AuthPage :195 - Selecting month 11from Dropdown[[ChromeDriver: chrome on WINDOWS (f61ae20e32d78109c2be9a5acf115eae)] -> xpath: //select[@id='months']]
2022-05-27 01:05:648 INFO  AuthPage :201 - Selecting month 2001from Dropdown[[ChromeDriver: chrome on WINDOWS (f61ae20e32d78109c2be9a5acf115eae)] -> xpath: //select[@id='years']]
2022-05-27 01:05:712 INFO  AuthPage :206 - Clicking on newsletterbox [[ChromeDriver: chrome on WINDOWS (f61ae20e32d78109c2be9a5acf115eae)] -> xpath: //input[@id='newsletter']]
2022-05-27 01:05:761 INFO  AuthPage :211 - Clicking on specialoffer [[ChromeDriver: chrome on WINDOWS (f61ae20e32d78109c2be9a5acf115eae)] -> xpath: //input[@id='optin']]
2022-05-27 01:05:823 INFO  AuthPage :216 - Enter name to deliver sam to delivery address field [[ChromeDriver: chrome on WINDOWS (f61ae20e32d78109c2be9a5acf115eae)] -> xpath: //input[@id='firstname']]
2022-05-27 01:05:878 INFO  AuthPage :221 - Enter last name to deliver Patel to lastname to delivery address field [[ChromeDriver: chrome on WINDOWS (f61ae20e32d78109c2be9a5acf115eae)] -> xpath: //input[@id='lastname']]
2022-05-27 01:05:947 INFO  AuthPage :226 - Enter name to company Sigma to company field [[ChromeDriver: chrome on WINDOWS (f61ae20e32d78109c2be9a5acf115eae)] -> xpath: //input[@id='company']]
2022-05-27 01:05:25 INFO  AuthPage :231 - Enter street name to deliver West street to street name field [[ChromeDriver: chrome on WINDOWS (f61ae20e32d78109c2be9a5acf115eae)] -> xpath: //input[@id='address1']]
2022-05-27 01:05:107 INFO  AuthPage :236 - Enter address line2 to deliver Leicester Square to addressline 2 field [[ChromeDriver: chrome on WINDOWS (f61ae20e32d78109c2be9a5acf115eae)] -> xpath: //input[@id='address2']]
2022-05-27 01:05:554 INFO  AuthPage :241 - Enter city name to deliver London to city field [[ChromeDriver: chrome on WINDOWS (f61ae20e32d78109c2be9a5acf115eae)] -> xpath: //input[@id='city']]
2022-05-27 01:05:10 INFO  AuthPage :247 - Enter state name to deliver Texas to state field [[ChromeDriver: chrome on WINDOWS (f61ae20e32d78109c2be9a5acf115eae)] -> xpath: //select[@id='id_state']]
2022-05-27 01:05:66 INFO  AuthPage :252 - Enter post code to deliver 56556 to postcode field [[ChromeDriver: chrome on WINDOWS (f61ae20e32d78109c2be9a5acf115eae)] -> xpath: //input[@id='postcode']]
2022-05-27 01:05:110 INFO  AuthPage :257 - Selecting country United States from dropdown [[ChromeDriver: chrome on WINDOWS (f61ae20e32d78109c2be9a5acf115eae)] -> xpath: //select[@id='id_country']]
2022-05-27 01:05:183 INFO  AuthPage :262 - sending Additional information do not deliver next door from dropdown [[ChromeDriver: chrome on WINDOWS (f61ae20e32d78109c2be9a5acf115eae)] -> xpath: //textarea[@id='other']]
2022-05-27 01:05:254 INFO  AuthPage :267 - Enter homephone number 02085556667 to phone number field [[ChromeDriver: chrome on WINDOWS (f61ae20e32d78109c2be9a5acf115eae)] -> xpath: //input[@id='phone']]
2022-05-27 01:05:321 INFO  AuthPage :272 - Enter mobile number 0795566778 to mobile number field [[ChromeDriver: chrome on WINDOWS (f61ae20e32d78109c2be9a5acf115eae)] -> xpath: //input[@id='phone_mobile']]
2022-05-27 01:05:392 INFO  AuthPage :277 - Enter assign ref my new address  to address for future field [[ChromeDriver: chrome on WINDOWS (f61ae20e32d78109c2be9a5acf115eae)] -> xpath: //input[@id='alias']]
2022-05-27 01:05:21 INFO  AuthPage :283 - Clicking on register[[ChromeDriver: chrome on WINDOWS (f61ae20e32d78109c2be9a5acf115eae)] -> xpath: //body[1]/div[1]/div[2]/div[1]/div[3]/div[1]/div[1]/form[1]/div[4]/button[1]/span[1]]
2022-05-27 17:05:511 INFO  ManageDriver :30 - Launching Chrome Browser
2022-05-27 17:05:746 INFO  ManageDriver :30 - Launching Chrome Browser
2022-05-27 17:05:537 INFO  AuthPage :154 - Enter email sam to email field [[ChromeDriver: chrome on WINDOWS (00b6b5e7594e3b537be795c7e2caded7)] -> xpath: //input[@id='email_create']]
2022-05-27 17:05:879 INFO  AuthPage :165 - Clicking on Radio Button [[ChromeDriver: chrome on WINDOWS (00b6b5e7594e3b537be795c7e2caded7)] -> xpath: //input[@id='id_gender1']]
2022-05-27 17:05:976 INFO  AuthPage :170 - getting firstname text  [[ChromeDriver: chrome on WINDOWS (00b6b5e7594e3b537be795c7e2caded7)] -> xpath: //input[@id='customer_lastname']]
2022-05-27 17:05:88 INFO  AuthPage :175 - getting lastname text  [[ChromeDriver: chrome on WINDOWS (00b6b5e7594e3b537be795c7e2caded7)] -> xpath: //input[@id='customer_lastname']]
2022-05-27 17:05:242 INFO  AuthPage :185 - enter password 456789@ to email field 
2022-05-27 17:05:583 INFO  AuthPage :190 - Selecting day 10from dropdown[[ChromeDriver: chrome on WINDOWS (00b6b5e7594e3b537be795c7e2caded7)] -> xpath: //select[@id='days']]
2022-05-27 17:05:729 INFO  AuthPage :195 - Selecting month 11from Dropdown[[ChromeDriver: chrome on WINDOWS (00b6b5e7594e3b537be795c7e2caded7)] -> xpath: //select[@id='months']]
2022-05-27 17:05:845 INFO  AuthPage :201 - Selecting month 2001from Dropdown[[ChromeDriver: chrome on WINDOWS (00b6b5e7594e3b537be795c7e2caded7)] -> xpath: //select[@id='years']]
2022-05-27 17:05:937 INFO  AuthPage :206 - Clicking on newsletterbox [[ChromeDriver: chrome on WINDOWS (00b6b5e7594e3b537be795c7e2caded7)] -> xpath: //input[@id='newsletter']]
2022-05-27 17:05:08 INFO  AuthPage :211 - Clicking on specialoffer [[ChromeDriver: chrome on WINDOWS (00b6b5e7594e3b537be795c7e2caded7)] -> xpath: //input[@id='optin']]
2022-05-27 17:05:104 INFO  AuthPage :216 - Enter name to deliver sam to delivery address field [[ChromeDriver: chrome on WINDOWS (00b6b5e7594e3b537be795c7e2caded7)] -> xpath: //input[@id='firstname']]
2022-05-27 17:05:188 INFO  AuthPage :221 - Enter last name to deliver Patel to lastname to delivery address field [[ChromeDriver: chrome on WINDOWS (00b6b5e7594e3b537be795c7e2caded7)] -> xpath: //input[@id='lastname']]
2022-05-27 17:05:298 INFO  AuthPage :226 - Enter name to company Sigma to company field [[ChromeDriver: chrome on WINDOWS (00b6b5e7594e3b537be795c7e2caded7)] -> xpath: //input[@id='company']]
2022-05-27 17:05:412 INFO  AuthPage :231 - Enter street name to deliver West street to street name field [[ChromeDriver: chrome on WINDOWS (00b6b5e7594e3b537be795c7e2caded7)] -> xpath: //input[@id='address1']]
2022-05-27 17:05:545 INFO  AuthPage :236 - Enter address line2 to deliver Leicester Square to addressline 2 field [[ChromeDriver: chrome on WINDOWS (00b6b5e7594e3b537be795c7e2caded7)] -> xpath: //input[@id='address2']]
2022-05-27 17:05:641 INFO  AuthPage :241 - Enter city name to deliver London to city field [[ChromeDriver: chrome on WINDOWS (00b6b5e7594e3b537be795c7e2caded7)] -> xpath: //input[@id='city']]
2022-05-27 17:05:750 INFO  AuthPage :247 - Enter state name to deliver Texas to state field [[ChromeDriver: chrome on WINDOWS (00b6b5e7594e3b537be795c7e2caded7)] -> xpath: //select[@id='id_state']]
2022-05-27 17:05:841 INFO  AuthPage :252 - Enter post code to deliver 56556 to postcode field [[ChromeDriver: chrome on WINDOWS (00b6b5e7594e3b537be795c7e2caded7)] -> xpath: //input[@id='postcode']]
2022-05-27 17:05:938 INFO  AuthPage :257 - Selecting country United States from dropdown [[ChromeDriver: chrome on WINDOWS (00b6b5e7594e3b537be795c7e2caded7)] -> xpath: //select[@id='id_country']]
2022-05-27 17:05:46 INFO  AuthPage :262 - sending Additional information do not deliver next door from dropdown [[ChromeDriver: chrome on WINDOWS (00b6b5e7594e3b537be795c7e2caded7)] -> xpath: //textarea[@id='other']]
2022-05-27 17:05:161 INFO  AuthPage :267 - Enter homephone number 02085556667 to phone number field [[ChromeDriver: chrome on WINDOWS (00b6b5e7594e3b537be795c7e2caded7)] -> xpath: //input[@id='phone']]
2022-05-27 17:05:253 INFO  AuthPage :272 - Enter mobile number 0795566778 to mobile number field [[ChromeDriver: chrome on WINDOWS (00b6b5e7594e3b537be795c7e2caded7)] -> xpath: //input[@id='phone_mobile']]
2022-05-27 17:05:376 INFO  AuthPage :277 - Enter assign ref my new address  to address for future field [[ChromeDriver: chrome on WINDOWS (00b6b5e7594e3b537be795c7e2caded7)] -> xpath: //input[@id='alias']]
2022-05-27 17:05:199 INFO  AuthPage :283 - Clicking on register[[ChromeDriver: chrome on WINDOWS (00b6b5e7594e3b537be795c7e2caded7)] -> xpath: //body[1]/div[1]/div[2]/div[1]/div[3]/div[1]/div[1]/form[1]/div[4]/button[1]/span[1]]
2022-05-27 17:05:994 INFO  ManageDriver :30 - Launching Chrome Browser
2022-05-27 17:05:701 INFO  ManageDriver :30 - Launching Chrome Browser
2022-05-27 17:05:369 INFO  AuthPage :154 - Enter email sam to email field [[ChromeDriver: chrome on WINDOWS (fb35860fd7d4c1666b89d8d81565310e)] -> xpath: //input[@id='email_create']]
2022-05-27 17:05:862 INFO  AuthPage :165 - Clicking on Radio Button [[ChromeDriver: chrome on WINDOWS (fb35860fd7d4c1666b89d8d81565310e)] -> xpath: //input[@id='id_gender1']]
2022-05-27 17:05:963 INFO  AuthPage :170 - getting firstname text  [[ChromeDriver: chrome on WINDOWS (fb35860fd7d4c1666b89d8d81565310e)] -> xpath: //input[@id='customer_lastname']]
2022-05-27 17:05:89 INFO  AuthPage :175 - getting lastname text  [[ChromeDriver: chrome on WINDOWS (fb35860fd7d4c1666b89d8d81565310e)] -> xpath: //input[@id='customer_lastname']]
2022-05-27 17:05:192 INFO  AuthPage :185 - enter password 456789@ to email field 
2022-05-27 17:05:564 INFO  AuthPage :190 - Selecting day 10from dropdown[[ChromeDriver: chrome on WINDOWS (fb35860fd7d4c1666b89d8d81565310e)] -> xpath: //select[@id='days']]
2022-05-27 17:05:745 INFO  AuthPage :195 - Selecting month 11from Dropdown[[ChromeDriver: chrome on WINDOWS (fb35860fd7d4c1666b89d8d81565310e)] -> xpath: //select[@id='months']]
2022-05-27 17:05:885 INFO  AuthPage :201 - Selecting month 2001from Dropdown[[ChromeDriver: chrome on WINDOWS (fb35860fd7d4c1666b89d8d81565310e)] -> xpath: //select[@id='years']]
2022-05-27 17:05:979 INFO  AuthPage :206 - Clicking on newsletterbox [[ChromeDriver: chrome on WINDOWS (fb35860fd7d4c1666b89d8d81565310e)] -> xpath: //input[@id='newsletter']]
2022-05-27 17:05:77 INFO  AuthPage :211 - Clicking on specialoffer [[ChromeDriver: chrome on WINDOWS (fb35860fd7d4c1666b89d8d81565310e)] -> xpath: //input[@id='optin']]
2022-05-27 17:05:197 INFO  AuthPage :216 - Enter name to deliver sam to delivery address field [[ChromeDriver: chrome on WINDOWS (fb35860fd7d4c1666b89d8d81565310e)] -> xpath: //input[@id='firstname']]
2022-05-27 17:05:297 INFO  AuthPage :221 - Enter last name to deliver Patel to lastname to delivery address field [[ChromeDriver: chrome on WINDOWS (fb35860fd7d4c1666b89d8d81565310e)] -> xpath: //input[@id='lastname']]
2022-05-27 17:05:419 INFO  AuthPage :226 - Enter name to company Sigma to company field [[ChromeDriver: chrome on WINDOWS (fb35860fd7d4c1666b89d8d81565310e)] -> xpath: //input[@id='company']]
2022-05-27 17:05:523 INFO  AuthPage :231 - Enter street name to deliver West street to street name field [[ChromeDriver: chrome on WINDOWS (fb35860fd7d4c1666b89d8d81565310e)] -> xpath: //input[@id='address1']]
2022-05-27 17:05:651 INFO  AuthPage :236 - Enter address line2 to deliver Leicester Square to addressline 2 field [[ChromeDriver: chrome on WINDOWS (fb35860fd7d4c1666b89d8d81565310e)] -> xpath: //input[@id='address2']]
2022-05-27 17:05:763 INFO  AuthPage :241 - Enter city name to deliver London to city field [[ChromeDriver: chrome on WINDOWS (fb35860fd7d4c1666b89d8d81565310e)] -> xpath: //input[@id='city']]
2022-05-27 17:05:868 INFO  AuthPage :247 - Enter state name to deliver Texas to state field [[ChromeDriver: chrome on WINDOWS (fb35860fd7d4c1666b89d8d81565310e)] -> xpath: //select[@id='id_state']]
2022-05-27 17:05:05 INFO  AuthPage :252 - Enter post code to deliver 56556 to postcode field [[ChromeDriver: chrome on WINDOWS (fb35860fd7d4c1666b89d8d81565310e)] -> xpath: //input[@id='postcode']]
2022-05-27 17:05:70 INFO  AuthPage :257 - Selecting country United States from dropdown [[ChromeDriver: chrome on WINDOWS (fb35860fd7d4c1666b89d8d81565310e)] -> xpath: //select[@id='id_country']]
2022-05-27 17:05:211 INFO  AuthPage :262 - sending Additional information do not deliver next door from dropdown [[ChromeDriver: chrome on WINDOWS (fb35860fd7d4c1666b89d8d81565310e)] -> xpath: //textarea[@id='other']]
2022-05-27 17:05:337 INFO  AuthPage :267 - Enter homephone number 02085556667 to phone number field [[ChromeDriver: chrome on WINDOWS (fb35860fd7d4c1666b89d8d81565310e)] -> xpath: //input[@id='phone']]
2022-05-27 17:05:462 INFO  AuthPage :272 - Enter mobile number 0795566778 to mobile number field [[ChromeDriver: chrome on WINDOWS (fb35860fd7d4c1666b89d8d81565310e)] -> xpath: //input[@id='phone_mobile']]
2022-05-27 17:05:625 INFO  AuthPage :277 - Enter assign ref my new address  to address for future field [[ChromeDriver: chrome on WINDOWS (fb35860fd7d4c1666b89d8d81565310e)] -> xpath: //input[@id='alias']]
2022-05-27 17:05:142 INFO  AuthPage :283 - Clicking on register[[ChromeDriver: chrome on WINDOWS (fb35860fd7d4c1666b89d8d81565310e)] -> xpath: //body[1]/div[1]/div[2]/div[1]/div[3]/div[1]/div[1]/form[1]/div[4]/button[1]/span[1]]
2022-05-27 17:05:246 INFO  ManageDriver :30 - Launching Chrome Browser
2022-05-27 17:05:138 INFO  ManageDriver :30 - Launching Chrome Browser
2022-05-27 17:05:323 INFO  AuthPage :154 - Enter email sam to email field [[ChromeDriver: chrome on WINDOWS (c91444b42c1f0c303992be93f553aa43)] -> xpath: //input[@id='email_create']]
2022-05-27 17:05:684 INFO  AuthPage :165 - Clicking on Radio Button [[ChromeDriver: chrome on WINDOWS (c91444b42c1f0c303992be93f553aa43)] -> xpath: //input[@id='id_gender1']]
2022-05-27 17:05:777 INFO  AuthPage :170 - getting firstname text  [[ChromeDriver: chrome on WINDOWS (c91444b42c1f0c303992be93f553aa43)] -> xpath: //input[@id='customer_lastname']]
2022-05-27 17:05:850 INFO  AuthPage :175 - getting lastname text  [[ChromeDriver: chrome on WINDOWS (c91444b42c1f0c303992be93f553aa43)] -> xpath: //input[@id='customer_lastname']]
2022-05-27 17:05:968 INFO  AuthPage :185 - enter password 456789@ to email field 
2022-05-27 17:05:134 INFO  AuthPage :190 - Selecting day 10from dropdown[[ChromeDriver: chrome on WINDOWS (c91444b42c1f0c303992be93f553aa43)] -> xpath: //select[@id='days']]
2022-05-27 17:05:466 INFO  AuthPage :195 - Selecting month 11from Dropdown[[ChromeDriver: chrome on WINDOWS (c91444b42c1f0c303992be93f553aa43)] -> xpath: //select[@id='months']]
2022-05-27 17:05:607 INFO  AuthPage :201 - Selecting month 2001from Dropdown[[ChromeDriver: chrome on WINDOWS (c91444b42c1f0c303992be93f553aa43)] -> xpath: //select[@id='years']]
2022-05-27 17:05:696 INFO  AuthPage :206 - Clicking on newsletterbox [[ChromeDriver: chrome on WINDOWS (c91444b42c1f0c303992be93f553aa43)] -> xpath: //input[@id='newsletter']]
2022-05-27 17:05:796 INFO  AuthPage :211 - Clicking on specialoffer [[ChromeDriver: chrome on WINDOWS (c91444b42c1f0c303992be93f553aa43)] -> xpath: //input[@id='optin']]
2022-05-27 17:05:901 INFO  AuthPage :216 - Enter name to deliver sam to delivery address field [[ChromeDriver: chrome on WINDOWS (c91444b42c1f0c303992be93f553aa43)] -> xpath: //input[@id='firstname']]
2022-05-27 17:05:16 INFO  AuthPage :221 - Enter last name to deliver Patel to lastname to delivery address field [[ChromeDriver: chrome on WINDOWS (c91444b42c1f0c303992be93f553aa43)] -> xpath: //input[@id='lastname']]
2022-05-27 17:05:117 INFO  AuthPage :226 - Enter name to company Sigma to company field [[ChromeDriver: chrome on WINDOWS (c91444b42c1f0c303992be93f553aa43)] -> xpath: //input[@id='company']]
2022-05-27 17:05:238 INFO  AuthPage :231 - Enter street name to deliver West street to street name field [[ChromeDriver: chrome on WINDOWS (c91444b42c1f0c303992be93f553aa43)] -> xpath: //input[@id='address1']]
2022-05-27 17:05:348 INFO  AuthPage :236 - Enter address line2 to deliver Leicester Square to addressline 2 field [[ChromeDriver: chrome on WINDOWS (c91444b42c1f0c303992be93f553aa43)] -> xpath: //input[@id='address2']]
2022-05-27 17:05:446 INFO  AuthPage :241 - Enter city name to deliver London to city field [[ChromeDriver: chrome on WINDOWS (c91444b42c1f0c303992be93f553aa43)] -> xpath: //input[@id='city']]
2022-05-27 17:05:544 INFO  AuthPage :247 - Enter state name to deliver Texas to state field [[ChromeDriver: chrome on WINDOWS (c91444b42c1f0c303992be93f553aa43)] -> xpath: //select[@id='id_state']]
2022-05-27 17:05:661 INFO  AuthPage :252 - Enter post code to deliver 56556 to postcode field [[ChromeDriver: chrome on WINDOWS (c91444b42c1f0c303992be93f553aa43)] -> xpath: //input[@id='postcode']]
2022-05-27 17:05:719 INFO  AuthPage :257 - Selecting country United States from dropdown [[ChromeDriver: chrome on WINDOWS (c91444b42c1f0c303992be93f553aa43)] -> xpath: //select[@id='id_country']]
2022-05-27 17:05:856 INFO  AuthPage :262 - sending Additional information do not deliver next door from dropdown [[ChromeDriver: chrome on WINDOWS (c91444b42c1f0c303992be93f553aa43)] -> xpath: //textarea[@id='other']]
2022-05-27 17:05:982 INFO  AuthPage :267 - Enter homephone number 02085556667 to phone number field [[ChromeDriver: chrome on WINDOWS (c91444b42c1f0c303992be93f553aa43)] -> xpath: //input[@id='phone']]
2022-05-27 17:05:95 INFO  AuthPage :272 - Enter mobile number 0795566778 to mobile number field [[ChromeDriver: chrome on WINDOWS (c91444b42c1f0c303992be93f553aa43)] -> xpath: //input[@id='phone_mobile']]
2022-05-27 17:05:198 INFO  AuthPage :277 - Enter assign ref my new address  to address for future field [[ChromeDriver: chrome on WINDOWS (c91444b42c1f0c303992be93f553aa43)] -> xpath: //input[@id='alias']]
2022-05-27 17:05:214 INFO  AuthPage :283 - Clicking on register[[ChromeDriver: chrome on WINDOWS (c91444b42c1f0c303992be93f553aa43)] -> xpath: //body[1]/div[1]/div[2]/div[1]/div[3]/div[1]/div[1]/form[1]/div[4]/button[1]/span[1]]
2022-05-27 17:05:261 INFO  ManageDriver :30 - Launching Chrome Browser
2022-05-27 17:05:358 INFO  ManageDriver :30 - Launching Chrome Browser
2022-05-27 17:05:903 INFO  AuthPage :154 - Enter email sam to email field [[ChromeDriver: chrome on WINDOWS (b69550a864e616d844665144c71523fd)] -> xpath: //input[@id='email_create']]
2022-05-27 17:05:486 INFO  AuthPage :165 - Clicking on Radio Button [[ChromeDriver: chrome on WINDOWS (b69550a864e616d844665144c71523fd)] -> xpath: //input[@id='id_gender1']]
2022-05-27 17:05:757 INFO  AuthPage :170 - getting firstname text  [[ChromeDriver: chrome on WINDOWS (b69550a864e616d844665144c71523fd)] -> xpath: //input[@id='customer_lastname']]
2022-05-27 17:05:234 INFO  AuthPage :175 - getting lastname text  [[ChromeDriver: chrome on WINDOWS (b69550a864e616d844665144c71523fd)] -> xpath: //input[@id='customer_lastname']]
2022-05-27 17:05:580 INFO  AuthPage :185 - enter password 456789@ to email field 
2022-05-27 17:05:796 INFO  AuthPage :190 - Selecting day 10from dropdown[[ChromeDriver: chrome on WINDOWS (b69550a864e616d844665144c71523fd)] -> xpath: //select[@id='days']]
2022-05-27 17:05:977 INFO  AuthPage :195 - Selecting month 11from Dropdown[[ChromeDriver: chrome on WINDOWS (b69550a864e616d844665144c71523fd)] -> xpath: //select[@id='months']]
2022-05-27 17:05:144 INFO  AuthPage :201 - Selecting month 2001from Dropdown[[ChromeDriver: chrome on WINDOWS (b69550a864e616d844665144c71523fd)] -> xpath: //select[@id='years']]
2022-05-27 17:05:234 INFO  AuthPage :206 - Clicking on newsletterbox [[ChromeDriver: chrome on WINDOWS (b69550a864e616d844665144c71523fd)] -> xpath: //input[@id='newsletter']]
2022-05-27 17:05:313 INFO  AuthPage :211 - Clicking on specialoffer [[ChromeDriver: chrome on WINDOWS (b69550a864e616d844665144c71523fd)] -> xpath: //input[@id='optin']]
2022-05-27 17:05:403 INFO  AuthPage :216 - Enter name to deliver sam to delivery address field [[ChromeDriver: chrome on WINDOWS (b69550a864e616d844665144c71523fd)] -> xpath: //input[@id='firstname']]
2022-05-27 17:05:520 INFO  AuthPage :221 - Enter last name to deliver Patel to lastname to delivery address field [[ChromeDriver: chrome on WINDOWS (b69550a864e616d844665144c71523fd)] -> xpath: //input[@id='lastname']]
2022-05-27 17:05:626 INFO  AuthPage :226 - Enter name to company Sigma to company field [[ChromeDriver: chrome on WINDOWS (b69550a864e616d844665144c71523fd)] -> xpath: //input[@id='company']]
2022-05-27 17:05:757 INFO  AuthPage :231 - Enter street name to deliver West street to street name field [[ChromeDriver: chrome on WINDOWS (b69550a864e616d844665144c71523fd)] -> xpath: //input[@id='address1']]
2022-05-27 17:05:909 INFO  AuthPage :236 - Enter address line2 to deliver Leicester Square to addressline 2 field [[ChromeDriver: chrome on WINDOWS (b69550a864e616d844665144c71523fd)] -> xpath: //input[@id='address2']]
2022-05-27 17:05:23 INFO  AuthPage :241 - Enter city name to deliver London to city field [[ChromeDriver: chrome on WINDOWS (b69550a864e616d844665144c71523fd)] -> xpath: //input[@id='city']]
2022-05-27 17:05:161 INFO  AuthPage :247 - Enter state name to deliver Texas to state field [[ChromeDriver: chrome on WINDOWS (b69550a864e616d844665144c71523fd)] -> xpath: //select[@id='id_state']]
2022-05-27 17:05:311 INFO  AuthPage :252 - Enter post code to deliver 56556 to postcode field [[ChromeDriver: chrome on WINDOWS (b69550a864e616d844665144c71523fd)] -> xpath: //input[@id='postcode']]
2022-05-27 17:05:378 INFO  AuthPage :257 - Selecting country United States from dropdown [[ChromeDriver: chrome on WINDOWS (b69550a864e616d844665144c71523fd)] -> xpath: //select[@id='id_country']]
2022-05-27 17:05:573 INFO  AuthPage :262 - sending Additional information do not deliver next door from dropdown [[ChromeDriver: chrome on WINDOWS (b69550a864e616d844665144c71523fd)] -> xpath: //textarea[@id='other']]
2022-05-27 17:05:726 INFO  AuthPage :267 - Enter homephone number 02085556667 to phone number field [[ChromeDriver: chrome on WINDOWS (b69550a864e616d844665144c71523fd)] -> xpath: //input[@id='phone']]
2022-05-27 17:05:865 INFO  AuthPage :272 - Enter mobile number 0795566778 to mobile number field [[ChromeDriver: chrome on WINDOWS (b69550a864e616d844665144c71523fd)] -> xpath: //input[@id='phone_mobile']]
2022-05-27 17:05:19 INFO  AuthPage :277 - Enter assign ref my new address  to address for future field [[ChromeDriver: chrome on WINDOWS (b69550a864e616d844665144c71523fd)] -> xpath: //input[@id='alias']]
2022-05-27 17:05:447 INFO  AuthPage :283 - Clicking on register[[ChromeDriver: chrome on WINDOWS (b69550a864e616d844665144c71523fd)] -> xpath: //body[1]/div[1]/div[2]/div[1]/div[3]/div[1]/div[1]/form[1]/div[4]/button[1]/span[1]]
2022-05-27 17:05:772 INFO  ManageDriver :30 - Launching Chrome Browser
2022-05-27 17:05:77 INFO  ManageDriver :30 - Launching Chrome Browser
2022-05-27 19:05:26 INFO  ManageDriver :30 - Launching Chrome Browser
2022-05-27 19:05:802 INFO  ManageDriver :30 - Launching Chrome Browser
2022-05-27 19:05:194 INFO  ManageDriver :30 - Launching Chrome Browser
2022-05-27 19:05:851 INFO  ManageDriver :30 - Launching Chrome Browser
2022-05-27 20:05:276 INFO  ManageDriver :30 - Launching Chrome Browser
2022-05-27 20:05:446 INFO  ManageDriver :30 - Launching Chrome Browser
2022-05-27 20:05:486 INFO  ManageDriver :30 - Launching Chrome Browser
2022-05-27 21:05:329 INFO  ManageDriver :30 - Launching Chrome Browser
2022-05-27 21:05:993 INFO  ManageDriver :30 - Launching Chrome Browser
